<?xml version="1.0" encoding="UTF-8"?>
<testng-results skipped="0" failed="0" ignored="0" total="0" passed="0">
  <reporter-output>
  </reporter-output>
  <suite name="Surefire suite" duration-ms="18491" started-at="2019-09-20T14:44:18 CDT" finished-at="2019-09-20T14:44:37 CDT">
    <groups>
    </groups>
    <test name="Surefire test" duration-ms="18491" started-at="2019-09-20T14:44:18 CDT" finished-at="2019-09-20T14:44:37 CDT">
    </test> <!-- Surefire test -->
  </suite> <!-- Surefire suite -->
</testng-results>
